[2023-06-01 05:53:37] development.ERROR: Undefined variable $minimumInByte {"exception":"[object] (ErrorException(code: 0): Undefined variable $minimumInByte at /Projet/dev/aeroServer/aeroServer-camera/camera/app/clean.php:20)
[stacktrace]
#0 /Projet/dev/aeroServer/aeroServer-camera/camera/vendor/laravel-zero/foundation/src/Illuminate/Foundation/Bootstrap/HandleExceptions.php(266): Illuminate\\Foundation\\Bootstrap\\HandleExceptions->handleError()
#1 /Projet/dev/aeroServer/aeroServer-camera/camera/app/clean.php(20): Illuminate\\Foundation\\Bootstrap\\HandleExceptions->Illuminate\\Foundation\\Bootstrap\\{closure}()
#2 /Projet/dev/aeroServer/aeroServer-camera/camera/app/Commands/Shot.php(47): App\\clean::deleteOldFile()
#3 /Projet/dev/aeroServer/aeroServer-camera/camera/vendor/illuminate/container/BoundMethod.php(36): App\\Commands\\Shot->handle()
#4 /Projet/dev/aeroServer/aeroServer-camera/camera/vendor/illuminate/container/Util.php(41): Illuminate\\Container\\BoundMethod::Illuminate\\Container\\{closure}()
#5 /Projet/dev/aeroServer/aeroServer-camera/camera/vendor/illuminate/container/BoundMethod.php(93): Illuminate\\Container\\Util::unwrapIfClosure()
#6 /Projet/dev/aeroServer/aeroServer-camera/camera/vendor/illuminate/container/BoundMethod.php(37): Illuminate\\Container\\BoundMethod::callBoundMethod()
#7 /Projet/dev/aeroServer/aeroServer-camera/camera/vendor/illuminate/container/Container.php(661): Illuminate\\Container\\BoundMethod::call()
#8 /Projet/dev/aeroServer/aeroServer-camera/camera/vendor/illuminate/console/Command.php(183): Illuminate\\Container\\Container->call()
#9 /Projet/dev/aeroServer/aeroServer-camera/camera/vendor/symfony/console/Command/Command.php(291): Illuminate\\Console\\Command->execute()
#10 /Projet/dev/aeroServer/aeroServer-camera/camera/vendor/illuminate/console/Command.php(153): Symfony\\Component\\Console\\Command\\Command->run()
#11 /Projet/dev/aeroServer/aeroServer-camera/camera/vendor/symfony/console/Application.php(1014): Illuminate\\Console\\Command->run()
#12 /Projet/dev/aeroServer/aeroServer-camera/camera/vendor/symfony/console/Application.php(301): Symfony\\Component\\Console\\Application->doRunCommand()
#13 /Projet/dev/aeroServer/aeroServer-camera/camera/vendor/symfony/console/Application.php(171): Symfony\\Component\\Console\\Application->doRun()
#14 /Projet/dev/aeroServer/aeroServer-camera/camera/vendor/illuminate/console/Application.php(102): Symfony\\Component\\Console\\Application->run()
#15 /Projet/dev/aeroServer/aeroServer-camera/camera/vendor/laravel-zero/foundation/src/Illuminate/Foundation/Console/Kernel.php(155): Illuminate\\Console\\Application->run()
#16 /Projet/dev/aeroServer/aeroServer-camera/camera/vendor/laravel-zero/framework/src/Kernel.php(96): Illuminate\\Foundation\\Console\\Kernel->handle()
#17 /Projet/dev/aeroServer/aeroServer-camera/camera/application(37): LaravelZero\\Framework\\Kernel->handle()
#18 {main}
"} 
[2023-06-01 05:54:15] development.ERROR: Undefined variable $minimumInByte {"exception":"[object] (ErrorException(code: 0): Undefined variable $minimumInByte at /Projet/dev/aeroServer/aeroServer-camera/camera/app/clean.php:20)
[stacktrace]
#0 /Projet/dev/aeroServer/aeroServer-camera/camera/vendor/laravel-zero/foundation/src/Illuminate/Foundation/Bootstrap/HandleExceptions.php(266): Illuminate\\Foundation\\Bootstrap\\HandleExceptions->handleError()
#1 /Projet/dev/aeroServer/aeroServer-camera/camera/app/clean.php(20): Illuminate\\Foundation\\Bootstrap\\HandleExceptions->Illuminate\\Foundation\\Bootstrap\\{closure}()
#2 /Projet/dev/aeroServer/aeroServer-camera/camera/app/Commands/Shot.php(47): App\\clean::deleteOldFile()
#3 /Projet/dev/aeroServer/aeroServer-camera/camera/vendor/illuminate/container/BoundMethod.php(36): App\\Commands\\Shot->handle()
#4 /Projet/dev/aeroServer/aeroServer-camera/camera/vendor/illuminate/container/Util.php(41): Illuminate\\Container\\BoundMethod::Illuminate\\Container\\{closure}()
#5 /Projet/dev/aeroServer/aeroServer-camera/camera/vendor/illuminate/container/BoundMethod.php(93): Illuminate\\Container\\Util::unwrapIfClosure()
#6 /Projet/dev/aeroServer/aeroServer-camera/camera/vendor/illuminate/container/BoundMethod.php(37): Illuminate\\Container\\BoundMethod::callBoundMethod()
#7 /Projet/dev/aeroServer/aeroServer-camera/camera/vendor/illuminate/container/Container.php(661): Illuminate\\Container\\BoundMethod::call()
#8 /Projet/dev/aeroServer/aeroServer-camera/camera/vendor/illuminate/console/Command.php(183): Illuminate\\Container\\Container->call()
#9 /Projet/dev/aeroServer/aeroServer-camera/camera/vendor/symfony/console/Command/Command.php(291): Illuminate\\Console\\Command->execute()
#10 /Projet/dev/aeroServer/aeroServer-camera/camera/vendor/illuminate/console/Command.php(153): Symfony\\Component\\Console\\Command\\Command->run()
#11 /Projet/dev/aeroServer/aeroServer-camera/camera/vendor/symfony/console/Application.php(1014): Illuminate\\Console\\Command->run()
#12 /Projet/dev/aeroServer/aeroServer-camera/camera/vendor/symfony/console/Application.php(301): Symfony\\Component\\Console\\Application->doRunCommand()
#13 /Projet/dev/aeroServer/aeroServer-camera/camera/vendor/symfony/console/Application.php(171): Symfony\\Component\\Console\\Application->doRun()
#14 /Projet/dev/aeroServer/aeroServer-camera/camera/vendor/illuminate/console/Application.php(102): Symfony\\Component\\Console\\Application->run()
#15 /Projet/dev/aeroServer/aeroServer-camera/camera/vendor/laravel-zero/foundation/src/Illuminate/Foundation/Console/Kernel.php(155): Illuminate\\Console\\Application->run()
#16 /Projet/dev/aeroServer/aeroServer-camera/camera/vendor/laravel-zero/framework/src/Kernel.php(96): Illuminate\\Foundation\\Console\\Kernel->handle()
#17 /Projet/dev/aeroServer/aeroServer-camera/camera/application(37): LaravelZero\\Framework\\Kernel->handle()
#18 {main}
"} 
[2023-06-01 06:19:22] development.ERROR: SQLSTATE[HY000]: General error: 1 Cannot add a NOT NULL column with default value NULL (SQL: alter table "pictures" add column "fileSize" integer not null) {"exception":"[object] (Illuminate\\Database\\QueryException(code: HY000): SQLSTATE[HY000]: General error: 1 Cannot add a NOT NULL column with default value NULL (SQL: alter table \"pictures\" add column \"fileSize\" integer not null) at /Projet/dev/aeroServer/aeroServer-camera/camera/vendor/illuminate/database/Connection.php:760)
[stacktrace]
#0 /Projet/dev/aeroServer/aeroServer-camera/camera/vendor/illuminate/database/Connection.php(720): Illuminate\\Database\\Connection->runQueryCallback()
#1 /Projet/dev/aeroServer/aeroServer-camera/camera/vendor/illuminate/database/Connection.php(546): Illuminate\\Database\\Connection->run()
#2 /Projet/dev/aeroServer/aeroServer-camera/camera/vendor/illuminate/database/Schema/Blueprint.php(109): Illuminate\\Database\\Connection->statement()
#3 /Projet/dev/aeroServer/aeroServer-camera/camera/vendor/illuminate/database/Schema/Builder.php(439): Illuminate\\Database\\Schema\\Blueprint->build()
#4 /Projet/dev/aeroServer/aeroServer-camera/camera/vendor/illuminate/database/Schema/Builder.php(269): Illuminate\\Database\\Schema\\Builder->build()
#5 /Projet/dev/aeroServer/aeroServer-camera/camera/vendor/illuminate/support/Facades/Facade.php(338): Illuminate\\Database\\Schema\\Builder->table()
#6 /Projet/dev/aeroServer/aeroServer-camera/camera/database/migrations/2023_06_01_061723_add_picture_size.php(18): Illuminate\\Support\\Facades\\Facade::__callStatic()
#7 /Projet/dev/aeroServer/aeroServer-camera/camera/vendor/illuminate/database/Migrations/Migrator.php(488): Illuminate\\Database\\Migrations\\Migration@anonymous->up()
#8 /Projet/dev/aeroServer/aeroServer-camera/camera/vendor/illuminate/database/Migrations/Migrator.php(406): Illuminate\\Database\\Migrations\\Migrator->runMethod()
#9 /Projet/dev/aeroServer/aeroServer-camera/camera/vendor/illuminate/database/Migrations/Migrator.php(415): Illuminate\\Database\\Migrations\\Migrator->Illuminate\\Database\\Migrations\\{closure}()
#10 /Projet/dev/aeroServer/aeroServer-camera/camera/vendor/illuminate/database/Migrations/Migrator.php(216): Illuminate\\Database\\Migrations\\Migrator->runMigration()
#11 /Projet/dev/aeroServer/aeroServer-camera/camera/vendor/illuminate/console/View/Components/Task.php(37): Illuminate\\Database\\Migrations\\Migrator->Illuminate\\Database\\Migrations\\{closure}()
#12 /Projet/dev/aeroServer/aeroServer-camera/camera/vendor/illuminate/database/Migrations/Migrator.php(751): Illuminate\\Console\\View\\Components\\Task->render()
#13 /Projet/dev/aeroServer/aeroServer-camera/camera/vendor/illuminate/database/Migrations/Migrator.php(216): Illuminate\\Database\\Migrations\\Migrator->write()
#14 /Projet/dev/aeroServer/aeroServer-camera/camera/vendor/illuminate/database/Migrations/Migrator.php(181): Illuminate\\Database\\Migrations\\Migrator->runUp()
#15 /Projet/dev/aeroServer/aeroServer-camera/camera/vendor/illuminate/database/Migrations/Migrator.php(124): Illuminate\\Database\\Migrations\\Migrator->runPending()
#16 /Projet/dev/aeroServer/aeroServer-camera/camera/vendor/illuminate/database/Console/Migrations/MigrateCommand.php(90): Illuminate\\Database\\Migrations\\Migrator->run()
#17 /Projet/dev/aeroServer/aeroServer-camera/camera/vendor/illuminate/database/Migrations/Migrator.php(628): Illuminate\\Database\\Console\\Migrations\\MigrateCommand->Illuminate\\Database\\Console\\Migrations\\{closure}()
#18 /Projet/dev/aeroServer/aeroServer-camera/camera/vendor/illuminate/database/Console/Migrations/MigrateCommand.php(102): Illuminate\\Database\\Migrations\\Migrator->usingConnection()
#19 /Projet/dev/aeroServer/aeroServer-camera/camera/vendor/illuminate/container/BoundMethod.php(36): Illuminate\\Database\\Console\\Migrations\\MigrateCommand->handle()
#20 /Projet/dev/aeroServer/aeroServer-camera/camera/vendor/illuminate/container/Util.php(41): Illuminate\\Container\\BoundMethod::Illuminate\\Container\\{closure}()
#21 /Projet/dev/aeroServer/aeroServer-camera/camera/vendor/illuminate/container/BoundMethod.php(93): Illuminate\\Container\\Util::unwrapIfClosure()
#22 /Projet/dev/aeroServer/aeroServer-camera/camera/vendor/illuminate/container/BoundMethod.php(37): Illuminate\\Container\\BoundMethod::callBoundMethod()
#23 /Projet/dev/aeroServer/aeroServer-camera/camera/vendor/illuminate/container/Container.php(661): Illuminate\\Container\\BoundMethod::call()
#24 /Projet/dev/aeroServer/aeroServer-camera/camera/vendor/illuminate/console/Command.php(183): Illuminate\\Container\\Container->call()
#25 /Projet/dev/aeroServer/aeroServer-camera/camera/vendor/symfony/console/Command/Command.php(291): Illuminate\\Console\\Command->execute()
#26 /Projet/dev/aeroServer/aeroServer-camera/camera/vendor/illuminate/console/Command.php(153): Symfony\\Component\\Console\\Command\\Command->run()
#27 /Projet/dev/aeroServer/aeroServer-camera/camera/vendor/symfony/console/Application.php(1014): Illuminate\\Console\\Command->run()
#28 /Projet/dev/aeroServer/aeroServer-camera/camera/vendor/symfony/console/Application.php(301): Symfony\\Component\\Console\\Application->doRunCommand()
#29 /Projet/dev/aeroServer/aeroServer-camera/camera/vendor/symfony/console/Application.php(171): Symfony\\Component\\Console\\Application->doRun()
#30 /Projet/dev/aeroServer/aeroServer-camera/camera/vendor/illuminate/console/Application.php(102): Symfony\\Component\\Console\\Application->run()
#31 /Projet/dev/aeroServer/aeroServer-camera/camera/vendor/laravel-zero/foundation/src/Illuminate/Foundation/Console/Kernel.php(155): Illuminate\\Console\\Application->run()
#32 /Projet/dev/aeroServer/aeroServer-camera/camera/vendor/laravel-zero/framework/src/Kernel.php(96): Illuminate\\Foundation\\Console\\Kernel->handle()
#33 /Projet/dev/aeroServer/aeroServer-camera/camera/application(37): LaravelZero\\Framework\\Kernel->handle()
#34 {main}

[previous exception] [object] (PDOException(code: HY000): SQLSTATE[HY000]: General error: 1 Cannot add a NOT NULL column with default value NULL at /Projet/dev/aeroServer/aeroServer-camera/camera/vendor/illuminate/database/Connection.php:545)
[stacktrace]
#0 /Projet/dev/aeroServer/aeroServer-camera/camera/vendor/illuminate/database/Connection.php(545): PDOStatement->execute()
#1 /Projet/dev/aeroServer/aeroServer-camera/camera/vendor/illuminate/database/Connection.php(753): Illuminate\\Database\\Connection->Illuminate\\Database\\{closure}()
#2 /Projet/dev/aeroServer/aeroServer-camera/camera/vendor/illuminate/database/Connection.php(720): Illuminate\\Database\\Connection->runQueryCallback()
#3 /Projet/dev/aeroServer/aeroServer-camera/camera/vendor/illuminate/database/Connection.php(546): Illuminate\\Database\\Connection->run()
#4 /Projet/dev/aeroServer/aeroServer-camera/camera/vendor/illuminate/database/Schema/Blueprint.php(109): Illuminate\\Database\\Connection->statement()
#5 /Projet/dev/aeroServer/aeroServer-camera/camera/vendor/illuminate/database/Schema/Builder.php(439): Illuminate\\Database\\Schema\\Blueprint->build()
#6 /Projet/dev/aeroServer/aeroServer-camera/camera/vendor/illuminate/database/Schema/Builder.php(269): Illuminate\\Database\\Schema\\Builder->build()
#7 /Projet/dev/aeroServer/aeroServer-camera/camera/vendor/illuminate/support/Facades/Facade.php(338): Illuminate\\Database\\Schema\\Builder->table()
#8 /Projet/dev/aeroServer/aeroServer-camera/camera/database/migrations/2023_06_01_061723_add_picture_size.php(18): Illuminate\\Support\\Facades\\Facade::__callStatic()
#9 /Projet/dev/aeroServer/aeroServer-camera/camera/vendor/illuminate/database/Migrations/Migrator.php(488): Illuminate\\Database\\Migrations\\Migration@anonymous->up()
#10 /Projet/dev/aeroServer/aeroServer-camera/camera/vendor/illuminate/database/Migrations/Migrator.php(406): Illuminate\\Database\\Migrations\\Migrator->runMethod()
#11 /Projet/dev/aeroServer/aeroServer-camera/camera/vendor/illuminate/database/Migrations/Migrator.php(415): Illuminate\\Database\\Migrations\\Migrator->Illuminate\\Database\\Migrations\\{closure}()
#12 /Projet/dev/aeroServer/aeroServer-camera/camera/vendor/illuminate/database/Migrations/Migrator.php(216): Illuminate\\Database\\Migrations\\Migrator->runMigration()
#13 /Projet/dev/aeroServer/aeroServer-camera/camera/vendor/illuminate/console/View/Components/Task.php(37): Illuminate\\Database\\Migrations\\Migrator->Illuminate\\Database\\Migrations\\{closure}()
#14 /Projet/dev/aeroServer/aeroServer-camera/camera/vendor/illuminate/database/Migrations/Migrator.php(751): Illuminate\\Console\\View\\Components\\Task->render()
#15 /Projet/dev/aeroServer/aeroServer-camera/camera/vendor/illuminate/database/Migrations/Migrator.php(216): Illuminate\\Database\\Migrations\\Migrator->write()
#16 /Projet/dev/aeroServer/aeroServer-camera/camera/vendor/illuminate/database/Migrations/Migrator.php(181): Illuminate\\Database\\Migrations\\Migrator->runUp()
#17 /Projet/dev/aeroServer/aeroServer-camera/camera/vendor/illuminate/database/Migrations/Migrator.php(124): Illuminate\\Database\\Migrations\\Migrator->runPending()
#18 /Projet/dev/aeroServer/aeroServer-camera/camera/vendor/illuminate/database/Console/Migrations/MigrateCommand.php(90): Illuminate\\Database\\Migrations\\Migrator->run()
#19 /Projet/dev/aeroServer/aeroServer-camera/camera/vendor/illuminate/database/Migrations/Migrator.php(628): Illuminate\\Database\\Console\\Migrations\\MigrateCommand->Illuminate\\Database\\Console\\Migrations\\{closure}()
#20 /Projet/dev/aeroServer/aeroServer-camera/camera/vendor/illuminate/database/Console/Migrations/MigrateCommand.php(102): Illuminate\\Database\\Migrations\\Migrator->usingConnection()
#21 /Projet/dev/aeroServer/aeroServer-camera/camera/vendor/illuminate/container/BoundMethod.php(36): Illuminate\\Database\\Console\\Migrations\\MigrateCommand->handle()
#22 /Projet/dev/aeroServer/aeroServer-camera/camera/vendor/illuminate/container/Util.php(41): Illuminate\\Container\\BoundMethod::Illuminate\\Container\\{closure}()
#23 /Projet/dev/aeroServer/aeroServer-camera/camera/vendor/illuminate/container/BoundMethod.php(93): Illuminate\\Container\\Util::unwrapIfClosure()
#24 /Projet/dev/aeroServer/aeroServer-camera/camera/vendor/illuminate/container/BoundMethod.php(37): Illuminate\\Container\\BoundMethod::callBoundMethod()
#25 /Projet/dev/aeroServer/aeroServer-camera/camera/vendor/illuminate/container/Container.php(661): Illuminate\\Container\\BoundMethod::call()
#26 /Projet/dev/aeroServer/aeroServer-camera/camera/vendor/illuminate/console/Command.php(183): Illuminate\\Container\\Container->call()
#27 /Projet/dev/aeroServer/aeroServer-camera/camera/vendor/symfony/console/Command/Command.php(291): Illuminate\\Console\\Command->execute()
#28 /Projet/dev/aeroServer/aeroServer-camera/camera/vendor/illuminate/console/Command.php(153): Symfony\\Component\\Console\\Command\\Command->run()
#29 /Projet/dev/aeroServer/aeroServer-camera/camera/vendor/symfony/console/Application.php(1014): Illuminate\\Console\\Command->run()
#30 /Projet/dev/aeroServer/aeroServer-camera/camera/vendor/symfony/console/Application.php(301): Symfony\\Component\\Console\\Application->doRunCommand()
#31 /Projet/dev/aeroServer/aeroServer-camera/camera/vendor/symfony/console/Application.php(171): Symfony\\Component\\Console\\Application->doRun()
#32 /Projet/dev/aeroServer/aeroServer-camera/camera/vendor/illuminate/console/Application.php(102): Symfony\\Component\\Console\\Application->run()
#33 /Projet/dev/aeroServer/aeroServer-camera/camera/vendor/laravel-zero/foundation/src/Illuminate/Foundation/Console/Kernel.php(155): Illuminate\\Console\\Application->run()
#34 /Projet/dev/aeroServer/aeroServer-camera/camera/vendor/laravel-zero/framework/src/Kernel.php(96): Illuminate\\Foundation\\Console\\Kernel->handle()
#35 /Projet/dev/aeroServer/aeroServer-camera/camera/application(37): LaravelZero\\Framework\\Kernel->handle()
#36 {main}
"} 
[2023-06-01 06:32:45] development.ERROR: syntax error, unexpected token "return" {"exception":"[object] (ParseError(code: 0): syntax error, unexpected token \"return\" at /Projet/dev/aeroServer/aeroServer-camera/camera/app/clean.php:29)
[stacktrace]
#0 /Projet/dev/aeroServer/aeroServer-camera/camera/vendor/composer/ClassLoader.php(428): Composer\\Autoload\\includeFile()
#1 /Projet/dev/aeroServer/aeroServer-camera/camera/app/Commands/Shot.php(47): Composer\\Autoload\\ClassLoader->loadClass()
#2 /Projet/dev/aeroServer/aeroServer-camera/camera/vendor/illuminate/container/BoundMethod.php(36): App\\Commands\\Shot->handle()
#3 /Projet/dev/aeroServer/aeroServer-camera/camera/vendor/illuminate/container/Util.php(41): Illuminate\\Container\\BoundMethod::Illuminate\\Container\\{closure}()
#4 /Projet/dev/aeroServer/aeroServer-camera/camera/vendor/illuminate/container/BoundMethod.php(93): Illuminate\\Container\\Util::unwrapIfClosure()
#5 /Projet/dev/aeroServer/aeroServer-camera/camera/vendor/illuminate/container/BoundMethod.php(37): Illuminate\\Container\\BoundMethod::callBoundMethod()
#6 /Projet/dev/aeroServer/aeroServer-camera/camera/vendor/illuminate/container/Container.php(661): Illuminate\\Container\\BoundMethod::call()
#7 /Projet/dev/aeroServer/aeroServer-camera/camera/vendor/illuminate/console/Command.php(183): Illuminate\\Container\\Container->call()
#8 /Projet/dev/aeroServer/aeroServer-camera/camera/vendor/symfony/console/Command/Command.php(291): Illuminate\\Console\\Command->execute()
#9 /Projet/dev/aeroServer/aeroServer-camera/camera/vendor/illuminate/console/Command.php(153): Symfony\\Component\\Console\\Command\\Command->run()
#10 /Projet/dev/aeroServer/aeroServer-camera/camera/vendor/symfony/console/Application.php(1014): Illuminate\\Console\\Command->run()
#11 /Projet/dev/aeroServer/aeroServer-camera/camera/vendor/symfony/console/Application.php(301): Symfony\\Component\\Console\\Application->doRunCommand()
#12 /Projet/dev/aeroServer/aeroServer-camera/camera/vendor/symfony/console/Application.php(171): Symfony\\Component\\Console\\Application->doRun()
#13 /Projet/dev/aeroServer/aeroServer-camera/camera/vendor/illuminate/console/Application.php(102): Symfony\\Component\\Console\\Application->run()
#14 /Projet/dev/aeroServer/aeroServer-camera/camera/vendor/laravel-zero/foundation/src/Illuminate/Foundation/Console/Kernel.php(155): Illuminate\\Console\\Application->run()
#15 /Projet/dev/aeroServer/aeroServer-camera/camera/vendor/laravel-zero/framework/src/Kernel.php(96): Illuminate\\Foundation\\Console\\Kernel->handle()
#16 /Projet/dev/aeroServer/aeroServer-camera/camera/application(37): LaravelZero\\Framework\\Kernel->handle()
#17 {main}
"} 
[2023-06-01 06:32:54] development.ERROR: Undefined variable $pictures {"exception":"[object] (ErrorException(code: 0): Undefined variable $pictures at /Projet/dev/aeroServer/aeroServer-camera/camera/app/picture.php:36)
[stacktrace]
#0 /Projet/dev/aeroServer/aeroServer-camera/camera/vendor/laravel-zero/foundation/src/Illuminate/Foundation/Bootstrap/HandleExceptions.php(266): Illuminate\\Foundation\\Bootstrap\\HandleExceptions->handleError()
#1 /Projet/dev/aeroServer/aeroServer-camera/camera/app/picture.php(36): Illuminate\\Foundation\\Bootstrap\\HandleExceptions->Illuminate\\Foundation\\Bootstrap\\{closure}()
#2 /Projet/dev/aeroServer/aeroServer-camera/camera/app/clean.php(28): App\\picture::cleanDb()
#3 /Projet/dev/aeroServer/aeroServer-camera/camera/app/clean.php(41): App\\clean::pictureTotal()
#4 /Projet/dev/aeroServer/aeroServer-camera/camera/app/clean.php(16): App\\clean::isMaxSpaceOk()
#5 /Projet/dev/aeroServer/aeroServer-camera/camera/app/Commands/Shot.php(47): App\\clean::deleteOldFile()
#6 /Projet/dev/aeroServer/aeroServer-camera/camera/vendor/illuminate/container/BoundMethod.php(36): App\\Commands\\Shot->handle()
#7 /Projet/dev/aeroServer/aeroServer-camera/camera/vendor/illuminate/container/Util.php(41): Illuminate\\Container\\BoundMethod::Illuminate\\Container\\{closure}()
#8 /Projet/dev/aeroServer/aeroServer-camera/camera/vendor/illuminate/container/BoundMethod.php(93): Illuminate\\Container\\Util::unwrapIfClosure()
#9 /Projet/dev/aeroServer/aeroServer-camera/camera/vendor/illuminate/container/BoundMethod.php(37): Illuminate\\Container\\BoundMethod::callBoundMethod()
#10 /Projet/dev/aeroServer/aeroServer-camera/camera/vendor/illuminate/container/Container.php(661): Illuminate\\Container\\BoundMethod::call()
#11 /Projet/dev/aeroServer/aeroServer-camera/camera/vendor/illuminate/console/Command.php(183): Illuminate\\Container\\Container->call()
#12 /Projet/dev/aeroServer/aeroServer-camera/camera/vendor/symfony/console/Command/Command.php(291): Illuminate\\Console\\Command->execute()
#13 /Projet/dev/aeroServer/aeroServer-camera/camera/vendor/illuminate/console/Command.php(153): Symfony\\Component\\Console\\Command\\Command->run()
#14 /Projet/dev/aeroServer/aeroServer-camera/camera/vendor/symfony/console/Application.php(1014): Illuminate\\Console\\Command->run()
#15 /Projet/dev/aeroServer/aeroServer-camera/camera/vendor/symfony/console/Application.php(301): Symfony\\Component\\Console\\Application->doRunCommand()
#16 /Projet/dev/aeroServer/aeroServer-camera/camera/vendor/symfony/console/Application.php(171): Symfony\\Component\\Console\\Application->doRun()
#17 /Projet/dev/aeroServer/aeroServer-camera/camera/vendor/illuminate/console/Application.php(102): Symfony\\Component\\Console\\Application->run()
#18 /Projet/dev/aeroServer/aeroServer-camera/camera/vendor/laravel-zero/foundation/src/Illuminate/Foundation/Console/Kernel.php(155): Illuminate\\Console\\Application->run()
#19 /Projet/dev/aeroServer/aeroServer-camera/camera/vendor/laravel-zero/framework/src/Kernel.php(96): Illuminate\\Foundation\\Console\\Kernel->handle()
#20 /Projet/dev/aeroServer/aeroServer-camera/camera/application(37): LaravelZero\\Framework\\Kernel->handle()
#21 {main}
"} 
[2023-06-01 06:34:12] development.ERROR: syntax error, unexpected token "public", expecting "," or ";" {"exception":"[object] (ParseError(code: 0): syntax error, unexpected token \"public\", expecting \",\" or \";\" at /Projet/dev/aeroServer/aeroServer-camera/camera/app/Camera/Device.php:12)
[stacktrace]
#0 /Projet/dev/aeroServer/aeroServer-camera/camera/vendor/composer/ClassLoader.php(428): Composer\\Autoload\\includeFile()
#1 /Projet/dev/aeroServer/aeroServer-camera/camera/app/Commands/Shot.php(50): Composer\\Autoload\\ClassLoader->loadClass()
#2 /Projet/dev/aeroServer/aeroServer-camera/camera/vendor/illuminate/container/BoundMethod.php(36): App\\Commands\\Shot->handle()
#3 /Projet/dev/aeroServer/aeroServer-camera/camera/vendor/illuminate/container/Util.php(41): Illuminate\\Container\\BoundMethod::Illuminate\\Container\\{closure}()
#4 /Projet/dev/aeroServer/aeroServer-camera/camera/vendor/illuminate/container/BoundMethod.php(93): Illuminate\\Container\\Util::unwrapIfClosure()
#5 /Projet/dev/aeroServer/aeroServer-camera/camera/vendor/illuminate/container/BoundMethod.php(37): Illuminate\\Container\\BoundMethod::callBoundMethod()
#6 /Projet/dev/aeroServer/aeroServer-camera/camera/vendor/illuminate/container/Container.php(661): Illuminate\\Container\\BoundMethod::call()
#7 /Projet/dev/aeroServer/aeroServer-camera/camera/vendor/illuminate/console/Command.php(183): Illuminate\\Container\\Container->call()
#8 /Projet/dev/aeroServer/aeroServer-camera/camera/vendor/symfony/console/Command/Command.php(291): Illuminate\\Console\\Command->execute()
#9 /Projet/dev/aeroServer/aeroServer-camera/camera/vendor/illuminate/console/Command.php(153): Symfony\\Component\\Console\\Command\\Command->run()
#10 /Projet/dev/aeroServer/aeroServer-camera/camera/vendor/symfony/console/Application.php(1014): Illuminate\\Console\\Command->run()
#11 /Projet/dev/aeroServer/aeroServer-camera/camera/vendor/symfony/console/Application.php(301): Symfony\\Component\\Console\\Application->doRunCommand()
#12 /Projet/dev/aeroServer/aeroServer-camera/camera/vendor/symfony/console/Application.php(171): Symfony\\Component\\Console\\Application->doRun()
#13 /Projet/dev/aeroServer/aeroServer-camera/camera/vendor/illuminate/console/Application.php(102): Symfony\\Component\\Console\\Application->run()
#14 /Projet/dev/aeroServer/aeroServer-camera/camera/vendor/laravel-zero/foundation/src/Illuminate/Foundation/Console/Kernel.php(155): Illuminate\\Console\\Application->run()
#15 /Projet/dev/aeroServer/aeroServer-camera/camera/vendor/laravel-zero/framework/src/Kernel.php(96): Illuminate\\Foundation\\Console\\Kernel->handle()
#16 /Projet/dev/aeroServer/aeroServer-camera/camera/application(37): LaravelZero\\Framework\\Kernel->handle()
#17 {main}
"} 
[2023-06-01 06:34:33] development.ERROR: Access to undeclared static property App\Camera\Device::$device {"exception":"[object] (Error(code: 0): Access to undeclared static property App\\Camera\\Device::$device at /Projet/dev/aeroServer/aeroServer-camera/camera/app/Camera/Device.php:14)
[stacktrace]
#0 /Projet/dev/aeroServer/aeroServer-camera/camera/app/Commands/Shot.php(50): App\\Camera\\Device::get()
#1 /Projet/dev/aeroServer/aeroServer-camera/camera/vendor/illuminate/container/BoundMethod.php(36): App\\Commands\\Shot->handle()
#2 /Projet/dev/aeroServer/aeroServer-camera/camera/vendor/illuminate/container/Util.php(41): Illuminate\\Container\\BoundMethod::Illuminate\\Container\\{closure}()
#3 /Projet/dev/aeroServer/aeroServer-camera/camera/vendor/illuminate/container/BoundMethod.php(93): Illuminate\\Container\\Util::unwrapIfClosure()
#4 /Projet/dev/aeroServer/aeroServer-camera/camera/vendor/illuminate/container/BoundMethod.php(37): Illuminate\\Container\\BoundMethod::callBoundMethod()
#5 /Projet/dev/aeroServer/aeroServer-camera/camera/vendor/illuminate/container/Container.php(661): Illuminate\\Container\\BoundMethod::call()
#6 /Projet/dev/aeroServer/aeroServer-camera/camera/vendor/illuminate/console/Command.php(183): Illuminate\\Container\\Container->call()
#7 /Projet/dev/aeroServer/aeroServer-camera/camera/vendor/symfony/console/Command/Command.php(291): Illuminate\\Console\\Command->execute()
#8 /Projet/dev/aeroServer/aeroServer-camera/camera/vendor/illuminate/console/Command.php(153): Symfony\\Component\\Console\\Command\\Command->run()
#9 /Projet/dev/aeroServer/aeroServer-camera/camera/vendor/symfony/console/Application.php(1014): Illuminate\\Console\\Command->run()
#10 /Projet/dev/aeroServer/aeroServer-camera/camera/vendor/symfony/console/Application.php(301): Symfony\\Component\\Console\\Application->doRunCommand()
#11 /Projet/dev/aeroServer/aeroServer-camera/camera/vendor/symfony/console/Application.php(171): Symfony\\Component\\Console\\Application->doRun()
#12 /Projet/dev/aeroServer/aeroServer-camera/camera/vendor/illuminate/console/Application.php(102): Symfony\\Component\\Console\\Application->run()
#13 /Projet/dev/aeroServer/aeroServer-camera/camera/vendor/laravel-zero/foundation/src/Illuminate/Foundation/Console/Kernel.php(155): Illuminate\\Console\\Application->run()
#14 /Projet/dev/aeroServer/aeroServer-camera/camera/vendor/laravel-zero/framework/src/Kernel.php(96): Illuminate\\Foundation\\Console\\Kernel->handle()
#15 /Projet/dev/aeroServer/aeroServer-camera/camera/application(37): LaravelZero\\Framework\\Kernel->handle()
#16 {main}
"} 
[2023-06-01 06:34:58] development.ERROR: Access to undeclared static property App\Camera\Device::$device {"exception":"[object] (Error(code: 0): Access to undeclared static property App\\Camera\\Device::$device at /Projet/dev/aeroServer/aeroServer-camera/camera/app/Camera/Device.php:14)
[stacktrace]
#0 /Projet/dev/aeroServer/aeroServer-camera/camera/app/Commands/Shot.php(50): App\\Camera\\Device::get()
#1 /Projet/dev/aeroServer/aeroServer-camera/camera/vendor/illuminate/container/BoundMethod.php(36): App\\Commands\\Shot->handle()
#2 /Projet/dev/aeroServer/aeroServer-camera/camera/vendor/illuminate/container/Util.php(41): Illuminate\\Container\\BoundMethod::Illuminate\\Container\\{closure}()
#3 /Projet/dev/aeroServer/aeroServer-camera/camera/vendor/illuminate/container/BoundMethod.php(93): Illuminate\\Container\\Util::unwrapIfClosure()
#4 /Projet/dev/aeroServer/aeroServer-camera/camera/vendor/illuminate/container/BoundMethod.php(37): Illuminate\\Container\\BoundMethod::callBoundMethod()
#5 /Projet/dev/aeroServer/aeroServer-camera/camera/vendor/illuminate/container/Container.php(661): Illuminate\\Container\\BoundMethod::call()
#6 /Projet/dev/aeroServer/aeroServer-camera/camera/vendor/illuminate/console/Command.php(183): Illuminate\\Container\\Container->call()
#7 /Projet/dev/aeroServer/aeroServer-camera/camera/vendor/symfony/console/Command/Command.php(291): Illuminate\\Console\\Command->execute()
#8 /Projet/dev/aeroServer/aeroServer-camera/camera/vendor/illuminate/console/Command.php(153): Symfony\\Component\\Console\\Command\\Command->run()
#9 /Projet/dev/aeroServer/aeroServer-camera/camera/vendor/symfony/console/Application.php(1014): Illuminate\\Console\\Command->run()
#10 /Projet/dev/aeroServer/aeroServer-camera/camera/vendor/symfony/console/Application.php(301): Symfony\\Component\\Console\\Application->doRunCommand()
#11 /Projet/dev/aeroServer/aeroServer-camera/camera/vendor/symfony/console/Application.php(171): Symfony\\Component\\Console\\Application->doRun()
#12 /Projet/dev/aeroServer/aeroServer-camera/camera/vendor/illuminate/console/Application.php(102): Symfony\\Component\\Console\\Application->run()
#13 /Projet/dev/aeroServer/aeroServer-camera/camera/vendor/laravel-zero/foundation/src/Illuminate/Foundation/Console/Kernel.php(155): Illuminate\\Console\\Application->run()
#14 /Projet/dev/aeroServer/aeroServer-camera/camera/vendor/laravel-zero/framework/src/Kernel.php(96): Illuminate\\Foundation\\Console\\Kernel->handle()
#15 /Projet/dev/aeroServer/aeroServer-camera/camera/application(37): LaravelZero\\Framework\\Kernel->handle()
#16 {main}
"} 
[2023-06-01 06:35:11] development.ERROR: Access to undeclared static property App\Camera\Device::$devices {"exception":"[object] (Error(code: 0): Access to undeclared static property App\\Camera\\Device::$devices at /Projet/dev/aeroServer/aeroServer-camera/camera/app/Camera/Device.php:14)
[stacktrace]
#0 /Projet/dev/aeroServer/aeroServer-camera/camera/app/Commands/Shot.php(50): App\\Camera\\Device::get()
#1 /Projet/dev/aeroServer/aeroServer-camera/camera/vendor/illuminate/container/BoundMethod.php(36): App\\Commands\\Shot->handle()
#2 /Projet/dev/aeroServer/aeroServer-camera/camera/vendor/illuminate/container/Util.php(41): Illuminate\\Container\\BoundMethod::Illuminate\\Container\\{closure}()
#3 /Projet/dev/aeroServer/aeroServer-camera/camera/vendor/illuminate/container/BoundMethod.php(93): Illuminate\\Container\\Util::unwrapIfClosure()
#4 /Projet/dev/aeroServer/aeroServer-camera/camera/vendor/illuminate/container/BoundMethod.php(37): Illuminate\\Container\\BoundMethod::callBoundMethod()
#5 /Projet/dev/aeroServer/aeroServer-camera/camera/vendor/illuminate/container/Container.php(661): Illuminate\\Container\\BoundMethod::call()
#6 /Projet/dev/aeroServer/aeroServer-camera/camera/vendor/illuminate/console/Command.php(183): Illuminate\\Container\\Container->call()
#7 /Projet/dev/aeroServer/aeroServer-camera/camera/vendor/symfony/console/Command/Command.php(291): Illuminate\\Console\\Command->execute()
#8 /Projet/dev/aeroServer/aeroServer-camera/camera/vendor/illuminate/console/Command.php(153): Symfony\\Component\\Console\\Command\\Command->run()
#9 /Projet/dev/aeroServer/aeroServer-camera/camera/vendor/symfony/console/Application.php(1014): Illuminate\\Console\\Command->run()
#10 /Projet/dev/aeroServer/aeroServer-camera/camera/vendor/symfony/console/Application.php(301): Symfony\\Component\\Console\\Application->doRunCommand()
#11 /Projet/dev/aeroServer/aeroServer-camera/camera/vendor/symfony/console/Application.php(171): Symfony\\Component\\Console\\Application->doRun()
#12 /Projet/dev/aeroServer/aeroServer-camera/camera/vendor/illuminate/console/Application.php(102): Symfony\\Component\\Console\\Application->run()
#13 /Projet/dev/aeroServer/aeroServer-camera/camera/vendor/laravel-zero/foundation/src/Illuminate/Foundation/Console/Kernel.php(155): Illuminate\\Console\\Application->run()
#14 /Projet/dev/aeroServer/aeroServer-camera/camera/vendor/laravel-zero/framework/src/Kernel.php(96): Illuminate\\Foundation\\Console\\Kernel->handle()
#15 /Projet/dev/aeroServer/aeroServer-camera/camera/application(37): LaravelZero\\Framework\\Kernel->handle()
#16 {main}
"} 
[2023-06-01 06:36:48] development.ERROR: Class "App\Camera\parameters" not found {"exception":"[object] (Error(code: 0): Class \"App\\Camera\\parameters\" not found at /Projet/dev/aeroServer/aeroServer-camera/camera/app/Camera/Device.php:14)
[stacktrace]
#0 /Projet/dev/aeroServer/aeroServer-camera/camera/app/Commands/Shot.php(50): App\\Camera\\Device::get()
#1 /Projet/dev/aeroServer/aeroServer-camera/camera/vendor/illuminate/container/BoundMethod.php(36): App\\Commands\\Shot->handle()
#2 /Projet/dev/aeroServer/aeroServer-camera/camera/vendor/illuminate/container/Util.php(41): Illuminate\\Container\\BoundMethod::Illuminate\\Container\\{closure}()
#3 /Projet/dev/aeroServer/aeroServer-camera/camera/vendor/illuminate/container/BoundMethod.php(93): Illuminate\\Container\\Util::unwrapIfClosure()
#4 /Projet/dev/aeroServer/aeroServer-camera/camera/vendor/illuminate/container/BoundMethod.php(37): Illuminate\\Container\\BoundMethod::callBoundMethod()
#5 /Projet/dev/aeroServer/aeroServer-camera/camera/vendor/illuminate/container/Container.php(661): Illuminate\\Container\\BoundMethod::call()
#6 /Projet/dev/aeroServer/aeroServer-camera/camera/vendor/illuminate/console/Command.php(183): Illuminate\\Container\\Container->call()
#7 /Projet/dev/aeroServer/aeroServer-camera/camera/vendor/symfony/console/Command/Command.php(291): Illuminate\\Console\\Command->execute()
#8 /Projet/dev/aeroServer/aeroServer-camera/camera/vendor/illuminate/console/Command.php(153): Symfony\\Component\\Console\\Command\\Command->run()
#9 /Projet/dev/aeroServer/aeroServer-camera/camera/vendor/symfony/console/Application.php(1014): Illuminate\\Console\\Command->run()
#10 /Projet/dev/aeroServer/aeroServer-camera/camera/vendor/symfony/console/Application.php(301): Symfony\\Component\\Console\\Application->doRunCommand()
#11 /Projet/dev/aeroServer/aeroServer-camera/camera/vendor/symfony/console/Application.php(171): Symfony\\Component\\Console\\Application->doRun()
#12 /Projet/dev/aeroServer/aeroServer-camera/camera/vendor/illuminate/console/Application.php(102): Symfony\\Component\\Console\\Application->run()
#13 /Projet/dev/aeroServer/aeroServer-camera/camera/vendor/laravel-zero/foundation/src/Illuminate/Foundation/Console/Kernel.php(155): Illuminate\\Console\\Application->run()
#14 /Projet/dev/aeroServer/aeroServer-camera/camera/vendor/laravel-zero/framework/src/Kernel.php(96): Illuminate\\Foundation\\Console\\Kernel->handle()
#15 /Projet/dev/aeroServer/aeroServer-camera/camera/application(37): LaravelZero\\Framework\\Kernel->handle()
#16 {main}
"} 
[2023-06-01 06:37:03] development.ERROR: syntax error, unexpected token "}" {"exception":"[object] (ParseError(code: 0): syntax error, unexpected token \"}\" at /Projet/dev/aeroServer/aeroServer-camera/camera/app/Camera/raspistill.php:10)
[stacktrace]
#0 /Projet/dev/aeroServer/aeroServer-camera/camera/vendor/composer/ClassLoader.php(428): Composer\\Autoload\\includeFile()
#1 /Projet/dev/aeroServer/aeroServer-camera/camera/app/Camera/Device.php(14): Composer\\Autoload\\ClassLoader->loadClass()
#2 /Projet/dev/aeroServer/aeroServer-camera/camera/app/Commands/Shot.php(50): App\\Camera\\Device::get()
#3 /Projet/dev/aeroServer/aeroServer-camera/camera/vendor/illuminate/container/BoundMethod.php(36): App\\Commands\\Shot->handle()
#4 /Projet/dev/aeroServer/aeroServer-camera/camera/vendor/illuminate/container/Util.php(41): Illuminate\\Container\\BoundMethod::Illuminate\\Container\\{closure}()
#5 /Projet/dev/aeroServer/aeroServer-camera/camera/vendor/illuminate/container/BoundMethod.php(93): Illuminate\\Container\\Util::unwrapIfClosure()
#6 /Projet/dev/aeroServer/aeroServer-camera/camera/vendor/illuminate/container/BoundMethod.php(37): Illuminate\\Container\\BoundMethod::callBoundMethod()
#7 /Projet/dev/aeroServer/aeroServer-camera/camera/vendor/illuminate/container/Container.php(661): Illuminate\\Container\\BoundMethod::call()
#8 /Projet/dev/aeroServer/aeroServer-camera/camera/vendor/illuminate/console/Command.php(183): Illuminate\\Container\\Container->call()
#9 /Projet/dev/aeroServer/aeroServer-camera/camera/vendor/symfony/console/Command/Command.php(291): Illuminate\\Console\\Command->execute()
#10 /Projet/dev/aeroServer/aeroServer-camera/camera/vendor/illuminate/console/Command.php(153): Symfony\\Component\\Console\\Command\\Command->run()
#11 /Projet/dev/aeroServer/aeroServer-camera/camera/vendor/symfony/console/Application.php(1014): Illuminate\\Console\\Command->run()
#12 /Projet/dev/aeroServer/aeroServer-camera/camera/vendor/symfony/console/Application.php(301): Symfony\\Component\\Console\\Application->doRunCommand()
#13 /Projet/dev/aeroServer/aeroServer-camera/camera/vendor/symfony/console/Application.php(171): Symfony\\Component\\Console\\Application->doRun()
#14 /Projet/dev/aeroServer/aeroServer-camera/camera/vendor/illuminate/console/Application.php(102): Symfony\\Component\\Console\\Application->run()
#15 /Projet/dev/aeroServer/aeroServer-camera/camera/vendor/laravel-zero/foundation/src/Illuminate/Foundation/Console/Kernel.php(155): Illuminate\\Console\\Application->run()
#16 /Projet/dev/aeroServer/aeroServer-camera/camera/vendor/laravel-zero/framework/src/Kernel.php(96): Illuminate\\Foundation\\Console\\Kernel->handle()
#17 /Projet/dev/aeroServer/aeroServer-camera/camera/application(37): LaravelZero\\Framework\\Kernel->handle()
#18 {main}
"} 
[2023-06-01 06:37:16] development.ERROR: Too few arguments to function App\Camera\raspistill::get(), 0 passed in /Projet/dev/aeroServer/aeroServer-camera/camera/app/Camera/Device.php on line 14 and exactly 1 expected {"exception":"[object] (ArgumentCountError(code: 0): Too few arguments to function App\\Camera\\raspistill::get(), 0 passed in /Projet/dev/aeroServer/aeroServer-camera/camera/app/Camera/Device.php on line 14 and exactly 1 expected at /Projet/dev/aeroServer/aeroServer-camera/camera/app/Camera/raspistill.php:7)
[stacktrace]
#0 /Projet/dev/aeroServer/aeroServer-camera/camera/app/Camera/Device.php(14): App\\Camera\\raspistill::get()
#1 /Projet/dev/aeroServer/aeroServer-camera/camera/app/Commands/Shot.php(50): App\\Camera\\Device::get()
#2 /Projet/dev/aeroServer/aeroServer-camera/camera/vendor/illuminate/container/BoundMethod.php(36): App\\Commands\\Shot->handle()
#3 /Projet/dev/aeroServer/aeroServer-camera/camera/vendor/illuminate/container/Util.php(41): Illuminate\\Container\\BoundMethod::Illuminate\\Container\\{closure}()
#4 /Projet/dev/aeroServer/aeroServer-camera/camera/vendor/illuminate/container/BoundMethod.php(93): Illuminate\\Container\\Util::unwrapIfClosure()
#5 /Projet/dev/aeroServer/aeroServer-camera/camera/vendor/illuminate/container/BoundMethod.php(37): Illuminate\\Container\\BoundMethod::callBoundMethod()
#6 /Projet/dev/aeroServer/aeroServer-camera/camera/vendor/illuminate/container/Container.php(661): Illuminate\\Container\\BoundMethod::call()
#7 /Projet/dev/aeroServer/aeroServer-camera/camera/vendor/illuminate/console/Command.php(183): Illuminate\\Container\\Container->call()
#8 /Projet/dev/aeroServer/aeroServer-camera/camera/vendor/symfony/console/Command/Command.php(291): Illuminate\\Console\\Command->execute()
#9 /Projet/dev/aeroServer/aeroServer-camera/camera/vendor/illuminate/console/Command.php(153): Symfony\\Component\\Console\\Command\\Command->run()
#10 /Projet/dev/aeroServer/aeroServer-camera/camera/vendor/symfony/console/Application.php(1014): Illuminate\\Console\\Command->run()
#11 /Projet/dev/aeroServer/aeroServer-camera/camera/vendor/symfony/console/Application.php(301): Symfony\\Component\\Console\\Application->doRunCommand()
#12 /Projet/dev/aeroServer/aeroServer-camera/camera/vendor/symfony/console/Application.php(171): Symfony\\Component\\Console\\Application->doRun()
#13 /Projet/dev/aeroServer/aeroServer-camera/camera/vendor/illuminate/console/Application.php(102): Symfony\\Component\\Console\\Application->run()
#14 /Projet/dev/aeroServer/aeroServer-camera/camera/vendor/laravel-zero/foundation/src/Illuminate/Foundation/Console/Kernel.php(155): Illuminate\\Console\\Application->run()
#15 /Projet/dev/aeroServer/aeroServer-camera/camera/vendor/laravel-zero/framework/src/Kernel.php(96): Illuminate\\Foundation\\Console\\Kernel->handle()
#16 /Projet/dev/aeroServer/aeroServer-camera/camera/application(37): LaravelZero\\Framework\\Kernel->handle()
#17 {main}
"} 
[2023-06-01 06:43:59] development.ERROR: Undefined variable $dest {"exception":"[object] (ErrorException(code: 0): Undefined variable $dest at /Projet/dev/aeroServer/aeroServer-camera/camera/app/Camera/raspistill.php:9)
[stacktrace]
#0 /Projet/dev/aeroServer/aeroServer-camera/camera/vendor/laravel-zero/foundation/src/Illuminate/Foundation/Bootstrap/HandleExceptions.php(266): Illuminate\\Foundation\\Bootstrap\\HandleExceptions->handleError()
#1 /Projet/dev/aeroServer/aeroServer-camera/camera/app/Camera/raspistill.php(9): Illuminate\\Foundation\\Bootstrap\\HandleExceptions->Illuminate\\Foundation\\Bootstrap\\{closure}()
#2 /Projet/dev/aeroServer/aeroServer-camera/camera/app/Camera/Device.php(14): App\\Camera\\raspistill::get()
#3 /Projet/dev/aeroServer/aeroServer-camera/camera/app/Commands/Shot.php(50): App\\Camera\\Device::get()
#4 /Projet/dev/aeroServer/aeroServer-camera/camera/vendor/illuminate/container/BoundMethod.php(36): App\\Commands\\Shot->handle()
#5 /Projet/dev/aeroServer/aeroServer-camera/camera/vendor/illuminate/container/Util.php(41): Illuminate\\Container\\BoundMethod::Illuminate\\Container\\{closure}()
#6 /Projet/dev/aeroServer/aeroServer-camera/camera/vendor/illuminate/container/BoundMethod.php(93): Illuminate\\Container\\Util::unwrapIfClosure()
#7 /Projet/dev/aeroServer/aeroServer-camera/camera/vendor/illuminate/container/BoundMethod.php(37): Illuminate\\Container\\BoundMethod::callBoundMethod()
#8 /Projet/dev/aeroServer/aeroServer-camera/camera/vendor/illuminate/container/Container.php(661): Illuminate\\Container\\BoundMethod::call()
#9 /Projet/dev/aeroServer/aeroServer-camera/camera/vendor/illuminate/console/Command.php(183): Illuminate\\Container\\Container->call()
#10 /Projet/dev/aeroServer/aeroServer-camera/camera/vendor/symfony/console/Command/Command.php(291): Illuminate\\Console\\Command->execute()
#11 /Projet/dev/aeroServer/aeroServer-camera/camera/vendor/illuminate/console/Command.php(153): Symfony\\Component\\Console\\Command\\Command->run()
#12 /Projet/dev/aeroServer/aeroServer-camera/camera/vendor/symfony/console/Application.php(1014): Illuminate\\Console\\Command->run()
#13 /Projet/dev/aeroServer/aeroServer-camera/camera/vendor/symfony/console/Application.php(301): Symfony\\Component\\Console\\Application->doRunCommand()
#14 /Projet/dev/aeroServer/aeroServer-camera/camera/vendor/symfony/console/Application.php(171): Symfony\\Component\\Console\\Application->doRun()
#15 /Projet/dev/aeroServer/aeroServer-camera/camera/vendor/illuminate/console/Application.php(102): Symfony\\Component\\Console\\Application->run()
#16 /Projet/dev/aeroServer/aeroServer-camera/camera/vendor/laravel-zero/foundation/src/Illuminate/Foundation/Console/Kernel.php(155): Illuminate\\Console\\Application->run()
#17 /Projet/dev/aeroServer/aeroServer-camera/camera/vendor/laravel-zero/framework/src/Kernel.php(96): Illuminate\\Foundation\\Console\\Kernel->handle()
#18 /Projet/dev/aeroServer/aeroServer-camera/camera/application(37): LaravelZero\\Framework\\Kernel->handle()
#19 {main}
"} 
[2023-06-01 06:58:32] development.ERROR: syntax error, unexpected token "}" {"exception":"[object] (ParseError(code: 0): syntax error, unexpected token \"}\" at /Projet/dev/aeroServer/aeroServer-camera/camera/app/clean.php:16)
[stacktrace]
#0 /Projet/dev/aeroServer/aeroServer-camera/camera/vendor/composer/ClassLoader.php(428): Composer\\Autoload\\includeFile()
#1 /Projet/dev/aeroServer/aeroServer-camera/camera/app/Commands/Shot.php(47): Composer\\Autoload\\ClassLoader->loadClass()
#2 /Projet/dev/aeroServer/aeroServer-camera/camera/vendor/illuminate/container/BoundMethod.php(36): App\\Commands\\Shot->handle()
#3 /Projet/dev/aeroServer/aeroServer-camera/camera/vendor/illuminate/container/Util.php(41): Illuminate\\Container\\BoundMethod::Illuminate\\Container\\{closure}()
#4 /Projet/dev/aeroServer/aeroServer-camera/camera/vendor/illuminate/container/BoundMethod.php(93): Illuminate\\Container\\Util::unwrapIfClosure()
#5 /Projet/dev/aeroServer/aeroServer-camera/camera/vendor/illuminate/container/BoundMethod.php(37): Illuminate\\Container\\BoundMethod::callBoundMethod()
#6 /Projet/dev/aeroServer/aeroServer-camera/camera/vendor/illuminate/container/Container.php(661): Illuminate\\Container\\BoundMethod::call()
#7 /Projet/dev/aeroServer/aeroServer-camera/camera/vendor/illuminate/console/Command.php(183): Illuminate\\Container\\Container->call()
#8 /Projet/dev/aeroServer/aeroServer-camera/camera/vendor/symfony/console/Command/Command.php(291): Illuminate\\Console\\Command->execute()
#9 /Projet/dev/aeroServer/aeroServer-camera/camera/vendor/illuminate/console/Command.php(153): Symfony\\Component\\Console\\Command\\Command->run()
#10 /Projet/dev/aeroServer/aeroServer-camera/camera/vendor/symfony/console/Application.php(1014): Illuminate\\Console\\Command->run()
#11 /Projet/dev/aeroServer/aeroServer-camera/camera/vendor/symfony/console/Application.php(301): Symfony\\Component\\Console\\Application->doRunCommand()
#12 /Projet/dev/aeroServer/aeroServer-camera/camera/vendor/symfony/console/Application.php(171): Symfony\\Component\\Console\\Application->doRun()
#13 /Projet/dev/aeroServer/aeroServer-camera/camera/vendor/illuminate/console/Application.php(102): Symfony\\Component\\Console\\Application->run()
#14 /Projet/dev/aeroServer/aeroServer-camera/camera/vendor/laravel-zero/foundation/src/Illuminate/Foundation/Console/Kernel.php(155): Illuminate\\Console\\Application->run()
#15 /Projet/dev/aeroServer/aeroServer-camera/camera/vendor/laravel-zero/framework/src/Kernel.php(96): Illuminate\\Foundation\\Console\\Kernel->handle()
#16 /Projet/dev/aeroServer/aeroServer-camera/camera/application(37): LaravelZero\\Framework\\Kernel->handle()
#17 {main}
"} 
[2023-06-01 07:17:38] development.ERROR: syntax error, unexpected token ".", expecting "]" {"exception":"[object] (ParseError(code: 0): syntax error, unexpected token \".\", expecting \"]\" at /Projet/dev/aeroServer/aeroServer-camera/camera/app/clean.php:43)
[stacktrace]
#0 /Projet/dev/aeroServer/aeroServer-camera/camera/vendor/composer/ClassLoader.php(428): Composer\\Autoload\\includeFile()
#1 /Projet/dev/aeroServer/aeroServer-camera/camera/app/Commands/Shot.php(47): Composer\\Autoload\\ClassLoader->loadClass()
#2 /Projet/dev/aeroServer/aeroServer-camera/camera/vendor/illuminate/container/BoundMethod.php(36): App\\Commands\\Shot->handle()
#3 /Projet/dev/aeroServer/aeroServer-camera/camera/vendor/illuminate/container/Util.php(41): Illuminate\\Container\\BoundMethod::Illuminate\\Container\\{closure}()
#4 /Projet/dev/aeroServer/aeroServer-camera/camera/vendor/illuminate/container/BoundMethod.php(93): Illuminate\\Container\\Util::unwrapIfClosure()
#5 /Projet/dev/aeroServer/aeroServer-camera/camera/vendor/illuminate/container/BoundMethod.php(37): Illuminate\\Container\\BoundMethod::callBoundMethod()
#6 /Projet/dev/aeroServer/aeroServer-camera/camera/vendor/illuminate/container/Container.php(661): Illuminate\\Container\\BoundMethod::call()
#7 /Projet/dev/aeroServer/aeroServer-camera/camera/vendor/illuminate/console/Command.php(183): Illuminate\\Container\\Container->call()
#8 /Projet/dev/aeroServer/aeroServer-camera/camera/vendor/symfony/console/Command/Command.php(291): Illuminate\\Console\\Command->execute()
#9 /Projet/dev/aeroServer/aeroServer-camera/camera/vendor/illuminate/console/Command.php(153): Symfony\\Component\\Console\\Command\\Command->run()
#10 /Projet/dev/aeroServer/aeroServer-camera/camera/vendor/symfony/console/Application.php(1014): Illuminate\\Console\\Command->run()
#11 /Projet/dev/aeroServer/aeroServer-camera/camera/vendor/symfony/console/Application.php(301): Symfony\\Component\\Console\\Application->doRunCommand()
#12 /Projet/dev/aeroServer/aeroServer-camera/camera/vendor/symfony/console/Application.php(171): Symfony\\Component\\Console\\Application->doRun()
#13 /Projet/dev/aeroServer/aeroServer-camera/camera/vendor/illuminate/console/Application.php(102): Symfony\\Component\\Console\\Application->run()
#14 /Projet/dev/aeroServer/aeroServer-camera/camera/vendor/laravel-zero/foundation/src/Illuminate/Foundation/Console/Kernel.php(155): Illuminate\\Console\\Application->run()
#15 /Projet/dev/aeroServer/aeroServer-camera/camera/vendor/laravel-zero/framework/src/Kernel.php(96): Illuminate\\Foundation\\Console\\Kernel->handle()
#16 /Projet/dev/aeroServer/aeroServer-camera/camera/application(37): LaravelZero\\Framework\\Kernel->handle()
#17 {main}
"} 
[2023-06-01 12:00:59] development.ERROR: Undefined property: stdClass::$Make {"exception":"[object] (ErrorException(code: 0): Undefined property: stdClass::$Make at /Projet/dev/aeroServer/aeroServer-camera/camera/app/jpeg.php:40)
[stacktrace]
#0 /Projet/dev/aeroServer/aeroServer-camera/camera/vendor/laravel-zero/foundation/src/Illuminate/Foundation/Bootstrap/HandleExceptions.php(266): Illuminate\\Foundation\\Bootstrap\\HandleExceptions->handleError()
#1 /Projet/dev/aeroServer/aeroServer-camera/camera/app/jpeg.php(40): Illuminate\\Foundation\\Bootstrap\\HandleExceptions->Illuminate\\Foundation\\Bootstrap\\{closure}()
#2 /Projet/dev/aeroServer/aeroServer-camera/camera/app/picture.php(92): App\\jpeg::transferExif2File()
#3 /Projet/dev/aeroServer/aeroServer-camera/camera/app/picture.php(29): App\\picture->postProcessJpeg()
#4 /Projet/dev/aeroServer/aeroServer-camera/camera/app/Commands/Shot.php(55): App\\picture::add()
#5 /Projet/dev/aeroServer/aeroServer-camera/camera/vendor/illuminate/container/BoundMethod.php(36): App\\Commands\\Shot->handle()
#6 /Projet/dev/aeroServer/aeroServer-camera/camera/vendor/illuminate/container/Util.php(41): Illuminate\\Container\\BoundMethod::Illuminate\\Container\\{closure}()
#7 /Projet/dev/aeroServer/aeroServer-camera/camera/vendor/illuminate/container/BoundMethod.php(93): Illuminate\\Container\\Util::unwrapIfClosure()
#8 /Projet/dev/aeroServer/aeroServer-camera/camera/vendor/illuminate/container/BoundMethod.php(37): Illuminate\\Container\\BoundMethod::callBoundMethod()
#9 /Projet/dev/aeroServer/aeroServer-camera/camera/vendor/illuminate/container/Container.php(661): Illuminate\\Container\\BoundMethod::call()
#10 /Projet/dev/aeroServer/aeroServer-camera/camera/vendor/illuminate/console/Command.php(183): Illuminate\\Container\\Container->call()
#11 /Projet/dev/aeroServer/aeroServer-camera/camera/vendor/symfony/console/Command/Command.php(291): Illuminate\\Console\\Command->execute()
#12 /Projet/dev/aeroServer/aeroServer-camera/camera/vendor/illuminate/console/Command.php(153): Symfony\\Component\\Console\\Command\\Command->run()
#13 /Projet/dev/aeroServer/aeroServer-camera/camera/vendor/symfony/console/Application.php(1014): Illuminate\\Console\\Command->run()
#14 /Projet/dev/aeroServer/aeroServer-camera/camera/vendor/symfony/console/Application.php(301): Symfony\\Component\\Console\\Application->doRunCommand()
#15 /Projet/dev/aeroServer/aeroServer-camera/camera/vendor/symfony/console/Application.php(171): Symfony\\Component\\Console\\Application->doRun()
#16 /Projet/dev/aeroServer/aeroServer-camera/camera/vendor/illuminate/console/Application.php(102): Symfony\\Component\\Console\\Application->run()
#17 /Projet/dev/aeroServer/aeroServer-camera/camera/vendor/laravel-zero/foundation/src/Illuminate/Foundation/Console/Kernel.php(155): Illuminate\\Console\\Application->run()
#18 /Projet/dev/aeroServer/aeroServer-camera/camera/vendor/laravel-zero/framework/src/Kernel.php(96): Illuminate\\Foundation\\Console\\Kernel->handle()
#19 /Projet/dev/aeroServer/aeroServer-camera/camera/application(37): LaravelZero\\Framework\\Kernel->handle()
#20 {main}
"} 
[2023-06-01 12:26:42] development.ERROR: Class "App\Commands\Devide" not found {"exception":"[object] (Error(code: 0): Class \"App\\Commands\\Devide\" not found at /Projet/dev/aeroServer/aeroServer-camera/camera/app/Commands/Config.php:38)
[stacktrace]
#0 /Projet/dev/aeroServer/aeroServer-camera/camera/vendor/illuminate/container/BoundMethod.php(36): App\\Commands\\Config->handle()
#1 /Projet/dev/aeroServer/aeroServer-camera/camera/vendor/illuminate/container/Util.php(41): Illuminate\\Container\\BoundMethod::Illuminate\\Container\\{closure}()
#2 /Projet/dev/aeroServer/aeroServer-camera/camera/vendor/illuminate/container/BoundMethod.php(93): Illuminate\\Container\\Util::unwrapIfClosure()
#3 /Projet/dev/aeroServer/aeroServer-camera/camera/vendor/illuminate/container/BoundMethod.php(37): Illuminate\\Container\\BoundMethod::callBoundMethod()
#4 /Projet/dev/aeroServer/aeroServer-camera/camera/vendor/illuminate/container/Container.php(661): Illuminate\\Container\\BoundMethod::call()
#5 /Projet/dev/aeroServer/aeroServer-camera/camera/vendor/illuminate/console/Command.php(183): Illuminate\\Container\\Container->call()
#6 /Projet/dev/aeroServer/aeroServer-camera/camera/vendor/symfony/console/Command/Command.php(291): Illuminate\\Console\\Command->execute()
#7 /Projet/dev/aeroServer/aeroServer-camera/camera/vendor/illuminate/console/Command.php(153): Symfony\\Component\\Console\\Command\\Command->run()
#8 /Projet/dev/aeroServer/aeroServer-camera/camera/vendor/symfony/console/Application.php(1014): Illuminate\\Console\\Command->run()
#9 /Projet/dev/aeroServer/aeroServer-camera/camera/vendor/symfony/console/Application.php(301): Symfony\\Component\\Console\\Application->doRunCommand()
#10 /Projet/dev/aeroServer/aeroServer-camera/camera/vendor/symfony/console/Application.php(171): Symfony\\Component\\Console\\Application->doRun()
#11 /Projet/dev/aeroServer/aeroServer-camera/camera/vendor/illuminate/console/Application.php(102): Symfony\\Component\\Console\\Application->run()
#12 /Projet/dev/aeroServer/aeroServer-camera/camera/vendor/laravel-zero/foundation/src/Illuminate/Foundation/Console/Kernel.php(155): Illuminate\\Console\\Application->run()
#13 /Projet/dev/aeroServer/aeroServer-camera/camera/vendor/laravel-zero/framework/src/Kernel.php(96): Illuminate\\Foundation\\Console\\Kernel->handle()
#14 /Projet/dev/aeroServer/aeroServer-camera/camera/application(37): LaravelZero\\Framework\\Kernel->handle()
#15 {main}
"} 
[2023-06-01 12:26:50] development.ERROR: Class "App\Camera\device" not found {"exception":"[object] (Error(code: 0): Class \"App\\Camera\\device\" not found at /Projet/dev/aeroServer/aeroServer-camera/camera/app/Commands/Config.php:38)
[stacktrace]
#0 /Projet/dev/aeroServer/aeroServer-camera/camera/vendor/illuminate/container/BoundMethod.php(36): App\\Commands\\Config->handle()
#1 /Projet/dev/aeroServer/aeroServer-camera/camera/vendor/illuminate/container/Util.php(41): Illuminate\\Container\\BoundMethod::Illuminate\\Container\\{closure}()
#2 /Projet/dev/aeroServer/aeroServer-camera/camera/vendor/illuminate/container/BoundMethod.php(93): Illuminate\\Container\\Util::unwrapIfClosure()
#3 /Projet/dev/aeroServer/aeroServer-camera/camera/vendor/illuminate/container/BoundMethod.php(37): Illuminate\\Container\\BoundMethod::callBoundMethod()
#4 /Projet/dev/aeroServer/aeroServer-camera/camera/vendor/illuminate/container/Container.php(661): Illuminate\\Container\\BoundMethod::call()
#5 /Projet/dev/aeroServer/aeroServer-camera/camera/vendor/illuminate/console/Command.php(183): Illuminate\\Container\\Container->call()
#6 /Projet/dev/aeroServer/aeroServer-camera/camera/vendor/symfony/console/Command/Command.php(291): Illuminate\\Console\\Command->execute()
#7 /Projet/dev/aeroServer/aeroServer-camera/camera/vendor/illuminate/console/Command.php(153): Symfony\\Component\\Console\\Command\\Command->run()
#8 /Projet/dev/aeroServer/aeroServer-camera/camera/vendor/symfony/console/Application.php(1014): Illuminate\\Console\\Command->run()
#9 /Projet/dev/aeroServer/aeroServer-camera/camera/vendor/symfony/console/Application.php(301): Symfony\\Component\\Console\\Application->doRunCommand()
#10 /Projet/dev/aeroServer/aeroServer-camera/camera/vendor/symfony/console/Application.php(171): Symfony\\Component\\Console\\Application->doRun()
#11 /Projet/dev/aeroServer/aeroServer-camera/camera/vendor/illuminate/console/Application.php(102): Symfony\\Component\\Console\\Application->run()
#12 /Projet/dev/aeroServer/aeroServer-camera/camera/vendor/laravel-zero/foundation/src/Illuminate/Foundation/Console/Kernel.php(155): Illuminate\\Console\\Application->run()
#13 /Projet/dev/aeroServer/aeroServer-camera/camera/vendor/laravel-zero/framework/src/Kernel.php(96): Illuminate\\Foundation\\Console\\Kernel->handle()
#14 /Projet/dev/aeroServer/aeroServer-camera/camera/application(37): LaravelZero\\Framework\\Kernel->handle()
#15 {main}
"} 
[2023-06-01 12:27:03] development.ERROR: Non-static method App\Camera\Device::list() cannot be called statically {"exception":"[object] (Error(code: 0): Non-static method App\\Camera\\Device::list() cannot be called statically at /Projet/dev/aeroServer/aeroServer-camera/camera/app/Commands/Config.php:38)
[stacktrace]
#0 /Projet/dev/aeroServer/aeroServer-camera/camera/vendor/illuminate/container/BoundMethod.php(36): App\\Commands\\Config->handle()
#1 /Projet/dev/aeroServer/aeroServer-camera/camera/vendor/illuminate/container/Util.php(41): Illuminate\\Container\\BoundMethod::Illuminate\\Container\\{closure}()
#2 /Projet/dev/aeroServer/aeroServer-camera/camera/vendor/illuminate/container/BoundMethod.php(93): Illuminate\\Container\\Util::unwrapIfClosure()
#3 /Projet/dev/aeroServer/aeroServer-camera/camera/vendor/illuminate/container/BoundMethod.php(37): Illuminate\\Container\\BoundMethod::callBoundMethod()
#4 /Projet/dev/aeroServer/aeroServer-camera/camera/vendor/illuminate/container/Container.php(661): Illuminate\\Container\\BoundMethod::call()
#5 /Projet/dev/aeroServer/aeroServer-camera/camera/vendor/illuminate/console/Command.php(183): Illuminate\\Container\\Container->call()
#6 /Projet/dev/aeroServer/aeroServer-camera/camera/vendor/symfony/console/Command/Command.php(291): Illuminate\\Console\\Command->execute()
#7 /Projet/dev/aeroServer/aeroServer-camera/camera/vendor/illuminate/console/Command.php(153): Symfony\\Component\\Console\\Command\\Command->run()
#8 /Projet/dev/aeroServer/aeroServer-camera/camera/vendor/symfony/console/Application.php(1014): Illuminate\\Console\\Command->run()
#9 /Projet/dev/aeroServer/aeroServer-camera/camera/vendor/symfony/console/Application.php(301): Symfony\\Component\\Console\\Application->doRunCommand()
#10 /Projet/dev/aeroServer/aeroServer-camera/camera/vendor/symfony/console/Application.php(171): Symfony\\Component\\Console\\Application->doRun()
#11 /Projet/dev/aeroServer/aeroServer-camera/camera/vendor/illuminate/console/Application.php(102): Symfony\\Component\\Console\\Application->run()
#12 /Projet/dev/aeroServer/aeroServer-camera/camera/vendor/laravel-zero/foundation/src/Illuminate/Foundation/Console/Kernel.php(155): Illuminate\\Console\\Application->run()
#13 /Projet/dev/aeroServer/aeroServer-camera/camera/vendor/laravel-zero/framework/src/Kernel.php(96): Illuminate\\Foundation\\Console\\Kernel->handle()
#14 /Projet/dev/aeroServer/aeroServer-camera/camera/application(37): LaravelZero\\Framework\\Kernel->handle()
#15 {main}
"} 
[2023-06-01 12:27:17] development.ERROR: Too few arguments to function Illuminate\Console\Command::table(), 1 passed in /Projet/dev/aeroServer/aeroServer-camera/camera/app/Commands/Config.php on line 38 and at least 2 expected {"exception":"[object] (ArgumentCountError(code: 0): Too few arguments to function Illuminate\\Console\\Command::table(), 1 passed in /Projet/dev/aeroServer/aeroServer-camera/camera/app/Commands/Config.php on line 38 and at least 2 expected at /Projet/dev/aeroServer/aeroServer-camera/camera/vendor/illuminate/console/Concerns/InteractsWithIO.php:233)
[stacktrace]
#0 /Projet/dev/aeroServer/aeroServer-camera/camera/app/Commands/Config.php(38): Illuminate\\Console\\Command->table()
#1 /Projet/dev/aeroServer/aeroServer-camera/camera/vendor/illuminate/container/BoundMethod.php(36): App\\Commands\\Config->handle()
#2 /Projet/dev/aeroServer/aeroServer-camera/camera/vendor/illuminate/container/Util.php(41): Illuminate\\Container\\BoundMethod::Illuminate\\Container\\{closure}()
#3 /Projet/dev/aeroServer/aeroServer-camera/camera/vendor/illuminate/container/BoundMethod.php(93): Illuminate\\Container\\Util::unwrapIfClosure()
#4 /Projet/dev/aeroServer/aeroServer-camera/camera/vendor/illuminate/container/BoundMethod.php(37): Illuminate\\Container\\BoundMethod::callBoundMethod()
#5 /Projet/dev/aeroServer/aeroServer-camera/camera/vendor/illuminate/container/Container.php(661): Illuminate\\Container\\BoundMethod::call()
#6 /Projet/dev/aeroServer/aeroServer-camera/camera/vendor/illuminate/console/Command.php(183): Illuminate\\Container\\Container->call()
#7 /Projet/dev/aeroServer/aeroServer-camera/camera/vendor/symfony/console/Command/Command.php(291): Illuminate\\Console\\Command->execute()
#8 /Projet/dev/aeroServer/aeroServer-camera/camera/vendor/illuminate/console/Command.php(153): Symfony\\Component\\Console\\Command\\Command->run()
#9 /Projet/dev/aeroServer/aeroServer-camera/camera/vendor/symfony/console/Application.php(1014): Illuminate\\Console\\Command->run()
#10 /Projet/dev/aeroServer/aeroServer-camera/camera/vendor/symfony/console/Application.php(301): Symfony\\Component\\Console\\Application->doRunCommand()
#11 /Projet/dev/aeroServer/aeroServer-camera/camera/vendor/symfony/console/Application.php(171): Symfony\\Component\\Console\\Application->doRun()
#12 /Projet/dev/aeroServer/aeroServer-camera/camera/vendor/illuminate/console/Application.php(102): Symfony\\Component\\Console\\Application->run()
#13 /Projet/dev/aeroServer/aeroServer-camera/camera/vendor/laravel-zero/foundation/src/Illuminate/Foundation/Console/Kernel.php(155): Illuminate\\Console\\Application->run()
#14 /Projet/dev/aeroServer/aeroServer-camera/camera/vendor/laravel-zero/framework/src/Kernel.php(96): Illuminate\\Foundation\\Console\\Kernel->handle()
#15 /Projet/dev/aeroServer/aeroServer-camera/camera/application(37): LaravelZero\\Framework\\Kernel->handle()
#16 {main}
"} 
[2023-06-01 12:28:05] development.ERROR: Symfony\Component\Console\Helper\Table::addRow(): Argument #1 ($row) must be of type Symfony\Component\Console\Helper\TableSeparator|array, string given, called in /Projet/dev/aeroServer/aeroServer-camera/camera/vendor/symfony/console/Helper/Table.php on line 202 {"exception":"[object] (TypeError(code: 0): Symfony\\Component\\Console\\Helper\\Table::addRow(): Argument #1 ($row) must be of type Symfony\\Component\\Console\\Helper\\TableSeparator|array, string given, called in /Projet/dev/aeroServer/aeroServer-camera/camera/vendor/symfony/console/Helper/Table.php on line 202 at /Projet/dev/aeroServer/aeroServer-camera/camera/vendor/symfony/console/Helper/Table.php:211)
[stacktrace]
#0 /Projet/dev/aeroServer/aeroServer-camera/camera/vendor/symfony/console/Helper/Table.php(202): Symfony\\Component\\Console\\Helper\\Table->addRow()
#1 /Projet/dev/aeroServer/aeroServer-camera/camera/vendor/symfony/console/Helper/Table.php(193): Symfony\\Component\\Console\\Helper\\Table->addRows()
#2 /Projet/dev/aeroServer/aeroServer-camera/camera/vendor/illuminate/console/Concerns/InteractsWithIO.php(241): Symfony\\Component\\Console\\Helper\\Table->setRows()
#3 /Projet/dev/aeroServer/aeroServer-camera/camera/app/Commands/Config.php(38): Illuminate\\Console\\Command->table()
#4 /Projet/dev/aeroServer/aeroServer-camera/camera/vendor/illuminate/container/BoundMethod.php(36): App\\Commands\\Config->handle()
#5 /Projet/dev/aeroServer/aeroServer-camera/camera/vendor/illuminate/container/Util.php(41): Illuminate\\Container\\BoundMethod::Illuminate\\Container\\{closure}()
#6 /Projet/dev/aeroServer/aeroServer-camera/camera/vendor/illuminate/container/BoundMethod.php(93): Illuminate\\Container\\Util::unwrapIfClosure()
#7 /Projet/dev/aeroServer/aeroServer-camera/camera/vendor/illuminate/container/BoundMethod.php(37): Illuminate\\Container\\BoundMethod::callBoundMethod()
#8 /Projet/dev/aeroServer/aeroServer-camera/camera/vendor/illuminate/container/Container.php(661): Illuminate\\Container\\BoundMethod::call()
#9 /Projet/dev/aeroServer/aeroServer-camera/camera/vendor/illuminate/console/Command.php(183): Illuminate\\Container\\Container->call()
#10 /Projet/dev/aeroServer/aeroServer-camera/camera/vendor/symfony/console/Command/Command.php(291): Illuminate\\Console\\Command->execute()
#11 /Projet/dev/aeroServer/aeroServer-camera/camera/vendor/illuminate/console/Command.php(153): Symfony\\Component\\Console\\Command\\Command->run()
#12 /Projet/dev/aeroServer/aeroServer-camera/camera/vendor/symfony/console/Application.php(1014): Illuminate\\Console\\Command->run()
#13 /Projet/dev/aeroServer/aeroServer-camera/camera/vendor/symfony/console/Application.php(301): Symfony\\Component\\Console\\Application->doRunCommand()
#14 /Projet/dev/aeroServer/aeroServer-camera/camera/vendor/symfony/console/Application.php(171): Symfony\\Component\\Console\\Application->doRun()
#15 /Projet/dev/aeroServer/aeroServer-camera/camera/vendor/illuminate/console/Application.php(102): Symfony\\Component\\Console\\Application->run()
#16 /Projet/dev/aeroServer/aeroServer-camera/camera/vendor/laravel-zero/foundation/src/Illuminate/Foundation/Console/Kernel.php(155): Illuminate\\Console\\Application->run()
#17 /Projet/dev/aeroServer/aeroServer-camera/camera/vendor/laravel-zero/framework/src/Kernel.php(96): Illuminate\\Foundation\\Console\\Kernel->handle()
#18 /Projet/dev/aeroServer/aeroServer-camera/camera/application(37): LaravelZero\\Framework\\Kernel->handle()
#19 {main}
"} 
[2023-06-01 12:29:09] development.ERROR: Symfony\Component\Console\Helper\Table::addRow(): Argument #1 ($row) must be of type Symfony\Component\Console\Helper\TableSeparator|array, string given, called in /Projet/dev/aeroServer/aeroServer-camera/camera/vendor/symfony/console/Helper/Table.php on line 202 {"exception":"[object] (TypeError(code: 0): Symfony\\Component\\Console\\Helper\\Table::addRow(): Argument #1 ($row) must be of type Symfony\\Component\\Console\\Helper\\TableSeparator|array, string given, called in /Projet/dev/aeroServer/aeroServer-camera/camera/vendor/symfony/console/Helper/Table.php on line 202 at /Projet/dev/aeroServer/aeroServer-camera/camera/vendor/symfony/console/Helper/Table.php:211)
[stacktrace]
#0 /Projet/dev/aeroServer/aeroServer-camera/camera/vendor/symfony/console/Helper/Table.php(202): Symfony\\Component\\Console\\Helper\\Table->addRow()
#1 /Projet/dev/aeroServer/aeroServer-camera/camera/vendor/symfony/console/Helper/Table.php(193): Symfony\\Component\\Console\\Helper\\Table->addRows()
#2 /Projet/dev/aeroServer/aeroServer-camera/camera/vendor/illuminate/console/Concerns/InteractsWithIO.php(241): Symfony\\Component\\Console\\Helper\\Table->setRows()
#3 /Projet/dev/aeroServer/aeroServer-camera/camera/app/Commands/Config.php(38): Illuminate\\Console\\Command->table()
#4 /Projet/dev/aeroServer/aeroServer-camera/camera/vendor/illuminate/container/BoundMethod.php(36): App\\Commands\\Config->handle()
#5 /Projet/dev/aeroServer/aeroServer-camera/camera/vendor/illuminate/container/Util.php(41): Illuminate\\Container\\BoundMethod::Illuminate\\Container\\{closure}()
#6 /Projet/dev/aeroServer/aeroServer-camera/camera/vendor/illuminate/container/BoundMethod.php(93): Illuminate\\Container\\Util::unwrapIfClosure()
#7 /Projet/dev/aeroServer/aeroServer-camera/camera/vendor/illuminate/container/BoundMethod.php(37): Illuminate\\Container\\BoundMethod::callBoundMethod()
#8 /Projet/dev/aeroServer/aeroServer-camera/camera/vendor/illuminate/container/Container.php(661): Illuminate\\Container\\BoundMethod::call()
#9 /Projet/dev/aeroServer/aeroServer-camera/camera/vendor/illuminate/console/Command.php(183): Illuminate\\Container\\Container->call()
#10 /Projet/dev/aeroServer/aeroServer-camera/camera/vendor/symfony/console/Command/Command.php(291): Illuminate\\Console\\Command->execute()
#11 /Projet/dev/aeroServer/aeroServer-camera/camera/vendor/illuminate/console/Command.php(153): Symfony\\Component\\Console\\Command\\Command->run()
#12 /Projet/dev/aeroServer/aeroServer-camera/camera/vendor/symfony/console/Application.php(1014): Illuminate\\Console\\Command->run()
#13 /Projet/dev/aeroServer/aeroServer-camera/camera/vendor/symfony/console/Application.php(301): Symfony\\Component\\Console\\Application->doRunCommand()
#14 /Projet/dev/aeroServer/aeroServer-camera/camera/vendor/symfony/console/Application.php(171): Symfony\\Component\\Console\\Application->doRun()
#15 /Projet/dev/aeroServer/aeroServer-camera/camera/vendor/illuminate/console/Application.php(102): Symfony\\Component\\Console\\Application->run()
#16 /Projet/dev/aeroServer/aeroServer-camera/camera/vendor/laravel-zero/foundation/src/Illuminate/Foundation/Console/Kernel.php(155): Illuminate\\Console\\Application->run()
#17 /Projet/dev/aeroServer/aeroServer-camera/camera/vendor/laravel-zero/framework/src/Kernel.php(96): Illuminate\\Foundation\\Console\\Kernel->handle()
#18 /Projet/dev/aeroServer/aeroServer-camera/camera/application(37): LaravelZero\\Framework\\Kernel->handle()
#19 {main}
"} 
[2023-06-01 13:27:48] development.ERROR: imagecreatefromjpeg(/Projet/dev/aeroServer/aeroServer-camera/camera/storage/app/tmp/tmp.jpg): Failed to open stream: No such file or directory {"exception":"[object] (ErrorException(code: 0): imagecreatefromjpeg(/Projet/dev/aeroServer/aeroServer-camera/camera/storage/app/tmp/tmp.jpg): Failed to open stream: No such file or directory at /Projet/dev/aeroServer/aeroServer-camera/camera/app/jpeg.php:14)
[stacktrace]
#0 /Projet/dev/aeroServer/aeroServer-camera/camera/vendor/laravel-zero/foundation/src/Illuminate/Foundation/Bootstrap/HandleExceptions.php(266): Illuminate\\Foundation\\Bootstrap\\HandleExceptions->handleError()
#1 [internal function]: Illuminate\\Foundation\\Bootstrap\\HandleExceptions->Illuminate\\Foundation\\Bootstrap\\{closure}()
#2 /Projet/dev/aeroServer/aeroServer-camera/camera/app/jpeg.php(14): imagecreatefromjpeg()
#3 /Projet/dev/aeroServer/aeroServer-camera/camera/app/Commands/Shot.php(53): App\\jpeg::postProccess()
#4 /Projet/dev/aeroServer/aeroServer-camera/camera/vendor/illuminate/container/BoundMethod.php(36): App\\Commands\\Shot->handle()
#5 /Projet/dev/aeroServer/aeroServer-camera/camera/vendor/illuminate/container/Util.php(41): Illuminate\\Container\\BoundMethod::Illuminate\\Container\\{closure}()
#6 /Projet/dev/aeroServer/aeroServer-camera/camera/vendor/illuminate/container/BoundMethod.php(93): Illuminate\\Container\\Util::unwrapIfClosure()
#7 /Projet/dev/aeroServer/aeroServer-camera/camera/vendor/illuminate/container/BoundMethod.php(37): Illuminate\\Container\\BoundMethod::callBoundMethod()
#8 /Projet/dev/aeroServer/aeroServer-camera/camera/vendor/illuminate/container/Container.php(661): Illuminate\\Container\\BoundMethod::call()
#9 /Projet/dev/aeroServer/aeroServer-camera/camera/vendor/illuminate/console/Command.php(183): Illuminate\\Container\\Container->call()
#10 /Projet/dev/aeroServer/aeroServer-camera/camera/vendor/symfony/console/Command/Command.php(291): Illuminate\\Console\\Command->execute()
#11 /Projet/dev/aeroServer/aeroServer-camera/camera/vendor/illuminate/console/Command.php(153): Symfony\\Component\\Console\\Command\\Command->run()
#12 /Projet/dev/aeroServer/aeroServer-camera/camera/vendor/symfony/console/Application.php(1014): Illuminate\\Console\\Command->run()
#13 /Projet/dev/aeroServer/aeroServer-camera/camera/vendor/symfony/console/Application.php(301): Symfony\\Component\\Console\\Application->doRunCommand()
#14 /Projet/dev/aeroServer/aeroServer-camera/camera/vendor/symfony/console/Application.php(171): Symfony\\Component\\Console\\Application->doRun()
#15 /Projet/dev/aeroServer/aeroServer-camera/camera/vendor/illuminate/console/Application.php(102): Symfony\\Component\\Console\\Application->run()
#16 /Projet/dev/aeroServer/aeroServer-camera/camera/vendor/laravel-zero/foundation/src/Illuminate/Foundation/Console/Kernel.php(155): Illuminate\\Console\\Application->run()
#17 /Projet/dev/aeroServer/aeroServer-camera/camera/vendor/laravel-zero/framework/src/Kernel.php(96): Illuminate\\Foundation\\Console\\Kernel->handle()
#18 /Projet/dev/aeroServer/aeroServer-camera/camera/application(37): LaravelZero\\Framework\\Kernel->handle()
#19 {main}
"} 
[2023-06-01 13:28:04] development.ERROR: imagecreatefromjpeg(/Projet/dev/aeroServer/aeroServer-camera/camera/storage/app/tmp/tmp.jpg): Failed to open stream: No such file or directory {"exception":"[object] (ErrorException(code: 0): imagecreatefromjpeg(/Projet/dev/aeroServer/aeroServer-camera/camera/storage/app/tmp/tmp.jpg): Failed to open stream: No such file or directory at /Projet/dev/aeroServer/aeroServer-camera/camera/app/jpeg.php:14)
[stacktrace]
#0 /Projet/dev/aeroServer/aeroServer-camera/camera/vendor/laravel-zero/foundation/src/Illuminate/Foundation/Bootstrap/HandleExceptions.php(266): Illuminate\\Foundation\\Bootstrap\\HandleExceptions->handleError()
#1 [internal function]: Illuminate\\Foundation\\Bootstrap\\HandleExceptions->Illuminate\\Foundation\\Bootstrap\\{closure}()
#2 /Projet/dev/aeroServer/aeroServer-camera/camera/app/jpeg.php(14): imagecreatefromjpeg()
#3 /Projet/dev/aeroServer/aeroServer-camera/camera/app/Commands/Shot.php(53): App\\jpeg::postProccess()
#4 /Projet/dev/aeroServer/aeroServer-camera/camera/vendor/illuminate/container/BoundMethod.php(36): App\\Commands\\Shot->handle()
#5 /Projet/dev/aeroServer/aeroServer-camera/camera/vendor/illuminate/container/Util.php(41): Illuminate\\Container\\BoundMethod::Illuminate\\Container\\{closure}()
#6 /Projet/dev/aeroServer/aeroServer-camera/camera/vendor/illuminate/container/BoundMethod.php(93): Illuminate\\Container\\Util::unwrapIfClosure()
#7 /Projet/dev/aeroServer/aeroServer-camera/camera/vendor/illuminate/container/BoundMethod.php(37): Illuminate\\Container\\BoundMethod::callBoundMethod()
#8 /Projet/dev/aeroServer/aeroServer-camera/camera/vendor/illuminate/container/Container.php(661): Illuminate\\Container\\BoundMethod::call()
#9 /Projet/dev/aeroServer/aeroServer-camera/camera/vendor/illuminate/console/Command.php(183): Illuminate\\Container\\Container->call()
#10 /Projet/dev/aeroServer/aeroServer-camera/camera/vendor/symfony/console/Command/Command.php(291): Illuminate\\Console\\Command->execute()
#11 /Projet/dev/aeroServer/aeroServer-camera/camera/vendor/illuminate/console/Command.php(153): Symfony\\Component\\Console\\Command\\Command->run()
#12 /Projet/dev/aeroServer/aeroServer-camera/camera/vendor/symfony/console/Application.php(1014): Illuminate\\Console\\Command->run()
#13 /Projet/dev/aeroServer/aeroServer-camera/camera/vendor/symfony/console/Application.php(301): Symfony\\Component\\Console\\Application->doRunCommand()
#14 /Projet/dev/aeroServer/aeroServer-camera/camera/vendor/symfony/console/Application.php(171): Symfony\\Component\\Console\\Application->doRun()
#15 /Projet/dev/aeroServer/aeroServer-camera/camera/vendor/illuminate/console/Application.php(102): Symfony\\Component\\Console\\Application->run()
#16 /Projet/dev/aeroServer/aeroServer-camera/camera/vendor/laravel-zero/foundation/src/Illuminate/Foundation/Console/Kernel.php(155): Illuminate\\Console\\Application->run()
#17 /Projet/dev/aeroServer/aeroServer-camera/camera/vendor/laravel-zero/framework/src/Kernel.php(96): Illuminate\\Foundation\\Console\\Kernel->handle()
#18 /Projet/dev/aeroServer/aeroServer-camera/camera/application(37): LaravelZero\\Framework\\Kernel->handle()
#19 {main}
"} 
[2023-06-01 13:28:10] development.ERROR: imagecreatefromjpeg(/Projet/dev/aeroServer/aeroServer-camera/camera/storage/app/tmp/tmp.jpg): Failed to open stream: No such file or directory {"exception":"[object] (ErrorException(code: 0): imagecreatefromjpeg(/Projet/dev/aeroServer/aeroServer-camera/camera/storage/app/tmp/tmp.jpg): Failed to open stream: No such file or directory at /Projet/dev/aeroServer/aeroServer-camera/camera/app/jpeg.php:14)
[stacktrace]
#0 /Projet/dev/aeroServer/aeroServer-camera/camera/vendor/laravel-zero/foundation/src/Illuminate/Foundation/Bootstrap/HandleExceptions.php(266): Illuminate\\Foundation\\Bootstrap\\HandleExceptions->handleError()
#1 [internal function]: Illuminate\\Foundation\\Bootstrap\\HandleExceptions->Illuminate\\Foundation\\Bootstrap\\{closure}()
#2 /Projet/dev/aeroServer/aeroServer-camera/camera/app/jpeg.php(14): imagecreatefromjpeg()
#3 /Projet/dev/aeroServer/aeroServer-camera/camera/app/Commands/Shot.php(53): App\\jpeg::postProccess()
#4 /Projet/dev/aeroServer/aeroServer-camera/camera/vendor/illuminate/container/BoundMethod.php(36): App\\Commands\\Shot->handle()
#5 /Projet/dev/aeroServer/aeroServer-camera/camera/vendor/illuminate/container/Util.php(41): Illuminate\\Container\\BoundMethod::Illuminate\\Container\\{closure}()
#6 /Projet/dev/aeroServer/aeroServer-camera/camera/vendor/illuminate/container/BoundMethod.php(93): Illuminate\\Container\\Util::unwrapIfClosure()
#7 /Projet/dev/aeroServer/aeroServer-camera/camera/vendor/illuminate/container/BoundMethod.php(37): Illuminate\\Container\\BoundMethod::callBoundMethod()
#8 /Projet/dev/aeroServer/aeroServer-camera/camera/vendor/illuminate/container/Container.php(661): Illuminate\\Container\\BoundMethod::call()
#9 /Projet/dev/aeroServer/aeroServer-camera/camera/vendor/illuminate/console/Command.php(183): Illuminate\\Container\\Container->call()
#10 /Projet/dev/aeroServer/aeroServer-camera/camera/vendor/symfony/console/Command/Command.php(291): Illuminate\\Console\\Command->execute()
#11 /Projet/dev/aeroServer/aeroServer-camera/camera/vendor/illuminate/console/Command.php(153): Symfony\\Component\\Console\\Command\\Command->run()
#12 /Projet/dev/aeroServer/aeroServer-camera/camera/vendor/symfony/console/Application.php(1014): Illuminate\\Console\\Command->run()
#13 /Projet/dev/aeroServer/aeroServer-camera/camera/vendor/symfony/console/Application.php(301): Symfony\\Component\\Console\\Application->doRunCommand()
#14 /Projet/dev/aeroServer/aeroServer-camera/camera/vendor/symfony/console/Application.php(171): Symfony\\Component\\Console\\Application->doRun()
#15 /Projet/dev/aeroServer/aeroServer-camera/camera/vendor/illuminate/console/Application.php(102): Symfony\\Component\\Console\\Application->run()
#16 /Projet/dev/aeroServer/aeroServer-camera/camera/vendor/laravel-zero/foundation/src/Illuminate/Foundation/Console/Kernel.php(155): Illuminate\\Console\\Application->run()
#17 /Projet/dev/aeroServer/aeroServer-camera/camera/vendor/laravel-zero/framework/src/Kernel.php(96): Illuminate\\Foundation\\Console\\Kernel->handle()
#18 /Projet/dev/aeroServer/aeroServer-camera/camera/application(37): LaravelZero\\Framework\\Kernel->handle()
#19 {main}
"} 
